Checking sync
Checking sync_notify
Checking sync_options
Checking sync_scanner
Checking sync_utils
Checking hex_api
Checking hex_api_auth
Checking hex_api_key
Checking hex_api_organization
Checking hex_api_organization_member
Checking hex_api_package
Checking hex_api_package_owner
Checking hex_api_release
Checking hex_api_user
Checking hex_core
Checking hex_erl_tar
Checking hex_filename
Checking hex_http
Checking hex_http_httpc
Checking hex_licenses
Checking hex_pb_names
Checking hex_pb_package
Checking hex_pb_signed
Checking hex_pb_versions
Checking hex_registry
Checking hex_repo
Checking hex_tarball
Checking safe_erl_term
Checking pc
Checking pc_compilation
Checking pc_port_env
Checking pc_port_specs
Checking pc_prv_clean
Checking pc_prv_compile
Checking pc_util
Checking hex_erl_tar
Checking hex_http
Checking factory
/home/victorditadi/personal/masters/pclt/erlang/miniproject-erlang-70056_70666/src/factory.erl
Checking sync
Checking sync_notify
Checking sync_options
Checking sync_scanner
Checking sync_utils
Checking pc
Checking pc_compilation
Checking pc_port_env
Checking pc_port_specs
Checking pc_prv_clean
Checking pc_prv_compile
Checking pc_util
Checking factory
/home/victorditadi/personal/masters/pclt/erlang/miniproject-erlang-70056_70666/src/factory.erl
/home/victorditadi/personal/masters/pclt/erlang/miniproject-erlang-70056_70666/src/factory.erl
Checking sync
Checking sync_notify
Checking sync_options
Checking sync_scanner
Checking sync_utils
Checking pc
Checking pc_compilation
Checking pc_port_env
Checking pc_port_specs
Checking pc_prv_clean
Checking pc_prv_compile
Checking pc_util
Checking sync
Checking sync_notify
Checking sync_options
Checking sync_scanner
Checking sync_utils
Checking pc
Checking pc_compilation
Checking pc_port_env
Checking pc_port_specs
Checking pc_prv_clean
Checking pc_prv_compile
Checking pc_util
Checking factory
/home/victorditadi/personal/masters/pclt/erlang/miniproject-erlang-70056_70666/src/factory.erl
Checking sync
Checking sync_notify
Checking sync_options
Checking sync_scanner
Checking sync_utils
Checking pc
Checking pc_compilation
Checking pc_port_env
Checking pc_port_specs
Checking pc_prv_clean
Checking pc_prv_compile
Checking pc_util
Checking factory
/home/victorditadi/personal/masters/pclt/erlang/miniproject-erlang-70056_70666/src/factory.erl
/home/victorditadi/personal/masters/pclt/erlang/miniproject-erlang-70056_70666/src/factory.erl
/home/victorditadi/personal/masters/pclt/erlang/miniproject-erlang-70056_70666/src/factory.erl
/home/victorditadi/personal/masters/pclt/erlang/miniproject-erlang-70056_70666/src/factory.erl
/home/victorditadi/personal/masters/pclt/erlang/miniproject-erlang-70056_70666/src/factory.erl
/home/victorditadi/personal/masters/pclt/erlang/miniproject-erlang-70056_70666/src/factory.erl
/home/victorditadi/personal/masters/pclt/erlang/miniproject-erlang-70056_70666/src/factory.erl
/home/victorditadi/personal/masters/pclt/erlang/miniproject-erlang-70056_70666/src/factory.erl
/home/victorditadi/personal/masters/pclt/erlang/miniproject-erlang-70056_70666/src/factory.erl
/home/victorditadi/personal/masters/pclt/erlang/miniproject-erlang-70056_70666/src/factory.erl
/home/victorditadi/personal/masters/pclt/erlang/miniproject-erlang-70056_70666/src/factory.erl
/home/victorditadi/personal/masters/pclt/erlang/miniproject-erlang-70056_70666/src/factory.erl
/home/victorditadi/personal/masters/pclt/erlang/miniproject-erlang-70056_70666/src/factory.erl
/home/victorditadi/personal/masters/pclt/erlang/miniproject-erlang-70056_70666/src/factory.erl
/home/victorditadi/personal/masters/pclt/erlang/miniproject-erlang-70056_70666/src/factory.erl
Checking sync
Checking sync_notify
Checking sync_options
Checking sync_scanner
Checking sync_utils
Checking pc
Checking pc_compilation
Checking pc_port_env
Checking pc_port_specs
Checking pc_prv_clean
Checking pc_prv_compile
Checking pc_util
Checking factory
/home/victorditadi/personal/masters/pclt/erlang/miniproject-erlang-70056_70666/src/factory.erl
/home/victorditadi/personal/masters/pclt/erlang/miniproject-erlang-70056_70666/src/factory.erl
/home/victorditadi/personal/masters/pclt/erlang/miniproject-erlang-70056_70666/src/factory.erl
/home/victorditadi/personal/masters/pclt/erlang/miniproject-erlang-70056_70666/src/factory.erl
/home/victorditadi/personal/masters/pclt/erlang/miniproject-erlang-70056_70666/src/factory.erl
/home/victorditadi/personal/masters/pclt/erlang/miniproject-erlang-70056_70666/src/factory.erl
/home/victorditadi/personal/masters/pclt/erlang/miniproject-erlang-70056_70666/src/factory.erl
/home/victorditadi/personal/masters/pclt/erlang/miniproject-erlang-70056_70666/src/factory.erl
/home/victorditadi/personal/masters/pclt/erlang/miniproject-erlang-70056_70666/src/factory.erl
/home/victorditadi/personal/masters/pclt/erlang/miniproject-erlang-70056_70666/src/factory.erl
/home/victorditadi/personal/masters/pclt/erlang/miniproject-erlang-70056_70666/src/factory.erl
/home/victorditadi/personal/masters/pclt/erlang/miniproject-erlang-70056_70666/src/factory.erl
/home/victorditadi/personal/masters/pclt/erlang/miniproject-erlang-70056_70666/src/factory.erl
/home/victorditadi/personal/masters/pclt/erlang/miniproject-erlang-70056_70666/src/factory.erl
/home/victorditadi/personal/masters/pclt/erlang/miniproject-erlang-70056_70666/src/factory.erl
/home/victorditadi/personal/masters/pclt/erlang/miniproject-erlang-70056_70666/src/factory.erl
/home/victorditadi/personal/masters/pclt/erlang/miniproject-erlang-70056_70666/src/factory.erl
/home/victorditadi/personal/masters/pclt/erlang/miniproject-erlang-70056_70666/src/factory.erl
/home/victorditadi/personal/masters/pclt/erlang/miniproject-erlang-70056_70666/src/factory.erl
/home/victorditadi/personal/masters/pclt/erlang/miniproject-erlang-70056_70666/src/factory.erl
/home/victorditadi/personal/masters/pclt/erlang/miniproject-erlang-70056_70666/src/factory.erl
/home/victorditadi/personal/masters/pclt/erlang/miniproject-erlang-70056_70666/src/factory.erl
/home/victorditadi/personal/masters/pclt/erlang/miniproject-erlang-70056_70666/src/factory.erl
/home/victorditadi/personal/masters/pclt/erlang/miniproject-erlang-70056_70666/src/factory.erl
/home/victorditadi/personal/masters/pclt/erlang/miniproject-erlang-70056_70666/src/factory.erl
/home/victorditadi/personal/masters/pclt/erlang/miniproject-erlang-70056_70666/src/factory.erl
/home/victorditadi/personal/masters/pclt/erlang/miniproject-erlang-70056_70666/src/factory.erl
/home/victorditadi/personal/masters/pclt/erlang/miniproject-erlang-70056_70666/src/factory.erl
/home/victorditadi/personal/masters/pclt/erlang/miniproject-erlang-70056_70666/src/factory.erl
/home/victorditadi/personal/masters/pclt/erlang/miniproject-erlang-70056_70666/src/factory.erl
/home/victorditadi/personal/masters/pclt/erlang/miniproject-erlang-70056_70666/src/factory.erl
/home/victorditadi/personal/masters/pclt/erlang/miniproject-erlang-70056_70666/src/factory.erl
/home/victorditadi/personal/masters/pclt/erlang/miniproject-erlang-70056_70666/src/factory.erl
/home/victorditadi/personal/masters/pclt/erlang/miniproject-erlang-70056_70666/src/factory.erl
/home/victorditadi/personal/masters/pclt/erlang/miniproject-erlang-70056_70666/src/factory.erl
/home/victorditadi/personal/masters/pclt/erlang/miniproject-erlang-70056_70666/src/factory.erl
/home/victorditadi/personal/masters/pclt/erlang/miniproject-erlang-70056_70666/src/factory.erl
/home/victorditadi/personal/masters/pclt/erlang/miniproject-erlang-70056_70666/src/factory.erl
/home/victorditadi/personal/masters/pclt/erlang/miniproject-erlang-70056_70666/src/factory.erl
/home/victorditadi/personal/masters/pclt/erlang/miniproject-erlang-70056_70666/src/factory.erl
/home/victorditadi/personal/masters/pclt/erlang/miniproject-erlang-70056_70666/src/factory.erl
/home/victorditadi/personal/masters/pclt/erlang/miniproject-erlang-70056_70666/src/factory.erl
/home/victorditadi/personal/masters/pclt/erlang/miniproject-erlang-70056_70666/src/factory.erl
/home/victorditadi/personal/masters/pclt/erlang/miniproject-erlang-70056_70666/src/factory.erl
/home/victorditadi/personal/masters/pclt/erlang/miniproject-erlang-70056_70666/src/factory.erl
/home/victorditadi/personal/masters/pclt/erlang/miniproject-erlang-70056_70666/src/factory.erl
/home/victorditadi/personal/masters/pclt/erlang/miniproject-erlang-70056_70666/src/factory.erl
/home/victorditadi/personal/masters/pclt/erlang/miniproject-erlang-70056_70666/src/factory.erl
/home/victorditadi/personal/masters/pclt/erlang/miniproject-erlang-70056_70666/src/factory.erl
/home/victorditadi/personal/masters/pclt/erlang/miniproject-erlang-70056_70666/src/factory.erl
/home/victorditadi/personal/masters/pclt/erlang/miniproject-erlang-70056_70666/src/factory.erl
/home/victorditadi/personal/masters/pclt/erlang/miniproject-erlang-70056_70666/src/factory.erl
/home/victorditadi/personal/masters/pclt/erlang/miniproject-erlang-70056_70666/src/factory.erl
/home/victorditadi/personal/masters/pclt/erlang/miniproject-erlang-70056_70666/src/factory.erl
Checking sync
Checking sync_notify
Checking sync_options
Checking sync_scanner
Checking sync_utils
Checking pc
Checking pc_compilation
Checking pc_port_env
Checking pc_port_specs
Checking pc_prv_clean
Checking pc_prv_compile
Checking pc_util
Checking factory
/home/victorditadi/personal/masters/pclt/erlang/miniproject-erlang-70056_70666/src/factory.erl
/home/victorditadi/personal/masters/pclt/erlang/miniproject-erlang-70056_70666/src/factory.erl
/home/victorditadi/personal/masters/pclt/erlang/miniproject-erlang-70056_70666/src/factory.erl
/home/victorditadi/personal/masters/pclt/erlang/miniproject-erlang-70056_70666/src/factory.erl
/home/victorditadi/personal/masters/pclt/erlang/miniproject-erlang-70056_70666/src/factory.erl
/home/victorditadi/personal/masters/pclt/erlang/miniproject-erlang-70056_70666/src/factory.erl
/home/victorditadi/personal/masters/pclt/erlang/miniproject-erlang-70056_70666/src/factory.erl
/home/victorditadi/personal/masters/pclt/erlang/miniproject-erlang-70056_70666/src/factory.erl
/home/victorditadi/personal/masters/pclt/erlang/miniproject-erlang-70056_70666/src/factory.erl
/home/victorditadi/personal/masters/pclt/erlang/miniproject-erlang-70056_70666/src/factory.erl
/home/victorditadi/personal/masters/pclt/erlang/miniproject-erlang-70056_70666/src/factory.erl
/home/victorditadi/personal/masters/pclt/erlang/miniproject-erlang-70056_70666/src/factory.erl
/home/victorditadi/personal/masters/pclt/erlang/miniproject-erlang-70056_70666/src/factory.erl
/home/victorditadi/personal/masters/pclt/erlang/miniproject-erlang-70056_70666/src/factory.erl
/home/victorditadi/personal/masters/pclt/erlang/miniproject-erlang-70056_70666/src/factory.erl
/home/victorditadi/personal/masters/pclt/erlang/miniproject-erlang-70056_70666/src/factory.erl
/home/victorditadi/personal/masters/pclt/erlang/miniproject-erlang-70056_70666/src/factory.erl
/home/victorditadi/personal/masters/pclt/erlang/miniproject-erlang-70056_70666/src/factory.erl
/home/victorditadi/personal/masters/pclt/erlang/miniproject-erlang-70056_70666/src/factory.erl
/home/victorditadi/personal/masters/pclt/erlang/miniproject-erlang-70056_70666/src/factory.erl
/home/victorditadi/personal/masters/pclt/erlang/miniproject-erlang-70056_70666/src/factory.erl
/home/victorditadi/personal/masters/pclt/erlang/miniproject-erlang-70056_70666/src/factory.erl
/home/victorditadi/personal/masters/pclt/erlang/miniproject-erlang-70056_70666/src/factory.erl
/home/victorditadi/personal/masters/pclt/erlang/miniproject-erlang-70056_70666/src/factory.erl
/home/victorditadi/personal/masters/pclt/erlang/miniproject-erlang-70056_70666/src/factory.erl
/home/victorditadi/personal/masters/pclt/erlang/miniproject-erlang-70056_70666/src/factory.erl
/home/victorditadi/personal/masters/pclt/erlang/miniproject-erlang-70056_70666/src/factory.erl
/home/victorditadi/personal/masters/pclt/erlang/miniproject-erlang-70056_70666/src/factory.erl
/home/victorditadi/personal/masters/pclt/erlang/miniproject-erlang-70056_70666/src/factory.erl
/home/victorditadi/personal/masters/pclt/erlang/miniproject-erlang-70056_70666/src/factory.erl
/home/victorditadi/personal/masters/pclt/erlang/miniproject-erlang-70056_70666/src/factory.erl
/home/victorditadi/personal/masters/pclt/erlang/miniproject-erlang-70056_70666/src/factory.erl
/home/victorditadi/personal/masters/pclt/erlang/miniproject-erlang-70056_70666/src/factory.erl
/home/victorditadi/personal/masters/pclt/erlang/miniproject-erlang-70056_70666/src/factory.erl
/home/victorditadi/personal/masters/pclt/erlang/miniproject-erlang-70056_70666/src/factory.erl
/home/victorditadi/personal/masters/pclt/erlang/miniproject-erlang-70056_70666/src/factory.erl
/home/victorditadi/personal/masters/pclt/erlang/miniproject-erlang-70056_70666/src/factory.erl
/home/victorditadi/personal/masters/pclt/erlang/miniproject-erlang-70056_70666/src/factory.erl
/home/victorditadi/personal/masters/pclt/erlang/miniproject-erlang-70056_70666/src/factory.erl
/home/victorditadi/personal/masters/pclt/erlang/miniproject-erlang-70056_70666/src/factory.erl
/home/victorditadi/personal/masters/pclt/erlang/miniproject-erlang-70056_70666/src/factory.erl
/home/victorditadi/personal/masters/pclt/erlang/miniproject-erlang-70056_70666/src/factory.erl
/home/victorditadi/personal/masters/pclt/erlang/miniproject-erlang-70056_70666/src/factory.erl
/home/victorditadi/personal/masters/pclt/erlang/miniproject-erlang-70056_70666/src/factory.erl
/home/victorditadi/personal/masters/pclt/erlang/miniproject-erlang-70056_70666/src/factory.erl
/home/victorditadi/personal/masters/pclt/erlang/miniproject-erlang-70056_70666/src/factory.erl
/home/victorditadi/personal/masters/pclt/erlang/miniproject-erlang-70056_70666/src/factory.erl
/home/victorditadi/personal/masters/pclt/erlang/miniproject-erlang-70056_70666/src/factory.erl
/home/victorditadi/personal/masters/pclt/erlang/miniproject-erlang-70056_70666/src/factory.erl
/home/victorditadi/personal/masters/pclt/erlang/miniproject-erlang-70056_70666/src/factory.erl
/home/victorditadi/personal/masters/pclt/erlang/miniproject-erlang-70056_70666/src/factory.erl
/home/victorditadi/personal/masters/pclt/erlang/miniproject-erlang-70056_70666/src/factory.erl
/home/victorditadi/personal/masters/pclt/erlang/miniproject-erlang-70056_70666/src/factory.erl
/home/victorditadi/personal/masters/pclt/erlang/miniproject-erlang-70056_70666/src/factory.erl
/home/victorditadi/personal/masters/pclt/erlang/miniproject-erlang-70056_70666/src/factory.erl
/home/victorditadi/personal/masters/pclt/erlang/miniproject-erlang-70056_70666/src/factory.erl
/home/victorditadi/personal/masters/pclt/erlang/miniproject-erlang-70056_70666/src/factory.erl
/home/victorditadi/personal/masters/pclt/erlang/miniproject-erlang-70056_70666/src/factory.erl
/home/victorditadi/personal/masters/pclt/erlang/miniproject-erlang-70056_70666/src/factory.erl
/home/victorditadi/personal/masters/pclt/erlang/miniproject-erlang-70056_70666/src/factory.erl
/home/victorditadi/personal/masters/pclt/erlang/miniproject-erlang-70056_70666/src/factory.erl
/home/victorditadi/personal/masters/pclt/erlang/miniproject-erlang-70056_70666/src/factory.erl
/home/victorditadi/personal/masters/pclt/erlang/miniproject-erlang-70056_70666/src/factory.erl
/home/victorditadi/personal/masters/pclt/erlang/miniproject-erlang-70056_70666/src/factory.erl
/home/victorditadi/personal/masters/pclt/erlang/miniproject-erlang-70056_70666/src/factory.erl
/home/victorditadi/personal/masters/pclt/erlang/miniproject-erlang-70056_70666/src/factory.erl
/home/victorditadi/personal/masters/pclt/erlang/miniproject-erlang-70056_70666/src/factory.erl
/home/victorditadi/personal/masters/pclt/erlang/miniproject-erlang-70056_70666/src/factory.erl
/home/victorditadi/personal/masters/pclt/erlang/miniproject-erlang-70056_70666/src/factory.erl
/home/victorditadi/personal/masters/pclt/erlang/miniproject-erlang-70056_70666/src/factory.erl
/home/victorditadi/personal/masters/pclt/erlang/miniproject-erlang-70056_70666/src/factory.erl
/home/victorditadi/personal/masters/pclt/erlang/miniproject-erlang-70056_70666/src/factory.erl
/home/victorditadi/personal/masters/pclt/erlang/miniproject-erlang-70056_70666/src/factory.erl
/home/victorditadi/personal/masters/pclt/erlang/miniproject-erlang-70056_70666/src/factory.erl
/home/victorditadi/personal/masters/pclt/erlang/miniproject-erlang-70056_70666/src/factory.erl
/home/victorditadi/personal/masters/pclt/erlang/miniproject-erlang-70056_70666/src/factory.erl
/home/victorditadi/personal/masters/pclt/erlang/miniproject-erlang-70056_70666/src/factory.erl
/home/victorditadi/personal/masters/pclt/erlang/miniproject-erlang-70056_70666/src/factory.erl
/home/victorditadi/personal/masters/pclt/erlang/miniproject-erlang-70056_70666/src/factory.erl
/home/victorditadi/personal/masters/pclt/erlang/miniproject-erlang-70056_70666/src/factory.erl
/home/victorditadi/personal/masters/pclt/erlang/miniproject-erlang-70056_70666/src/factory.erl
/home/victorditadi/personal/masters/pclt/erlang/miniproject-erlang-70056_70666/src/factory.erl
/home/victorditadi/personal/masters/pclt/erlang/miniproject-erlang-70056_70666/src/factory.erl
/home/victorditadi/personal/masters/pclt/erlang/miniproject-erlang-70056_70666/src/factory.erl
/home/victorditadi/personal/masters/pclt/erlang/miniproject-erlang-70056_70666/src/factory.erl
/home/victorditadi/personal/masters/pclt/erlang/miniproject-erlang-70056_70666/src/factory.erl
/home/victorditadi/personal/masters/pclt/erlang/miniproject-erlang-70056_70666/src/factory.erl
/home/victorditadi/personal/masters/pclt/erlang/miniproject-erlang-70056_70666/src/factory.erl
/home/victorditadi/personal/masters/pclt/erlang/miniproject-erlang-70056_70666/src/factory.erl
/home/victorditadi/personal/masters/pclt/erlang/miniproject-erlang-70056_70666/src/factory.erl
/home/victorditadi/personal/masters/pclt/erlang/miniproject-erlang-70056_70666/src/factory.erl
/home/victorditadi/personal/masters/pclt/erlang/miniproject-erlang-70056_70666/src/factory.erl
/home/victorditadi/personal/masters/pclt/erlang/miniproject-erlang-70056_70666/src/factory.erl
/home/victorditadi/personal/masters/pclt/erlang/miniproject-erlang-70056_70666/src/factory.erl
/home/victorditadi/personal/masters/pclt/erlang/miniproject-erlang-70056_70666/src/factory.erl
/home/victorditadi/personal/masters/pclt/erlang/miniproject-erlang-70056_70666/src/factory.erl
/home/victorditadi/personal/masters/pclt/erlang/miniproject-erlang-70056_70666/src/factory.erl
/home/victorditadi/personal/masters/pclt/erlang/miniproject-erlang-70056_70666/src/factory.erl
/home/victorditadi/personal/masters/pclt/erlang/miniproject-erlang-70056_70666/src/factory.erl
/home/victorditadi/personal/masters/pclt/erlang/miniproject-erlang-70056_70666/src/factory.erl
/home/victorditadi/personal/masters/pclt/erlang/miniproject-erlang-70056_70666/src/factory.erl
/home/victorditadi/personal/masters/pclt/erlang/miniproject-erlang-70056_70666/src/factory.erl
/home/victorditadi/personal/masters/pclt/erlang/miniproject-erlang-70056_70666/src/factory.erl
Checking sync
Checking sync_notify
Checking sync_options
Checking sync_scanner
Checking sync_utils
Checking pc
Checking pc_compilation
Checking pc_port_env
Checking pc_port_specs
Checking pc_prv_clean
Checking pc_prv_compile
Checking pc_util
Checking factory
/home/victorditadi/personal/masters/pclt/erlang/miniproject-erlang-70056_70666/src/factory.erl
/home/victorditadi/personal/masters/pclt/erlang/miniproject-erlang-70056_70666/src/factory.erl
/home/victorditadi/personal/masters/pclt/erlang/miniproject-erlang-70056_70666/src/factory.erl
/home/victorditadi/personal/masters/pclt/erlang/miniproject-erlang-70056_70666/src/factory.erl
/home/victorditadi/personal/masters/pclt/erlang/miniproject-erlang-70056_70666/src/factory.erl
/home/victorditadi/personal/masters/pclt/erlang/miniproject-erlang-70056_70666/src/factory.erl
/home/victorditadi/personal/masters/pclt/erlang/miniproject-erlang-70056_70666/src/factory.erl
/home/victorditadi/personal/masters/pclt/erlang/miniproject-erlang-70056_70666/src/factory.erl
/home/victorditadi/personal/masters/pclt/erlang/miniproject-erlang-70056_70666/src/factory.erl
/home/victorditadi/personal/masters/pclt/erlang/miniproject-erlang-70056_70666/src/factory.erl
/home/victorditadi/personal/masters/pclt/erlang/miniproject-erlang-70056_70666/src/factory.erl
/home/victorditadi/personal/masters/pclt/erlang/miniproject-erlang-70056_70666/src/factory.erl
/home/victorditadi/personal/masters/pclt/erlang/miniproject-erlang-70056_70666/src/factory.erl
/home/victorditadi/personal/masters/pclt/erlang/miniproject-erlang-70056_70666/src/factory.erl
/home/victorditadi/personal/masters/pclt/erlang/miniproject-erlang-70056_70666/src/factory.erl
/home/victorditadi/personal/masters/pclt/erlang/miniproject-erlang-70056_70666/src/factory.erl
/home/victorditadi/personal/masters/pclt/erlang/miniproject-erlang-70056_70666/src/factory.erl
/home/victorditadi/personal/masters/pclt/erlang/miniproject-erlang-70056_70666/src/factory.erl
/home/victorditadi/personal/masters/pclt/erlang/miniproject-erlang-70056_70666/src/factory.erl
/home/victorditadi/personal/masters/pclt/erlang/miniproject-erlang-70056_70666/src/factory.erl
/home/victorditadi/personal/masters/pclt/erlang/miniproject-erlang-70056_70666/src/factory.erl
/home/victorditadi/personal/masters/pclt/erlang/miniproject-erlang-70056_70666/src/factory.erl
/home/victorditadi/personal/masters/pclt/erlang/miniproject-erlang-70056_70666/src/factory.erl
/home/victorditadi/personal/masters/pclt/erlang/miniproject-erlang-70056_70666/src/factory.erl
/home/victorditadi/personal/masters/pclt/erlang/miniproject-erlang-70056_70666/src/factory.erl
/home/victorditadi/personal/masters/pclt/erlang/miniproject-erlang-70056_70666/src/factory.erl
/home/victorditadi/personal/masters/pclt/erlang/miniproject-erlang-70056_70666/src/factory.erl
/home/victorditadi/personal/masters/pclt/erlang/miniproject-erlang-70056_70666/src/factory.erl
/home/victorditadi/personal/masters/pclt/erlang/miniproject-erlang-70056_70666/src/factory.erl
/home/victorditadi/personal/masters/pclt/erlang/miniproject-erlang-70056_70666/src/factory.erl
/home/victorditadi/personal/masters/pclt/erlang/miniproject-erlang-70056_70666/src/factory.erl
/home/victorditadi/personal/masters/pclt/erlang/miniproject-erlang-70056_70666/src/factory.erl
/home/victorditadi/personal/masters/pclt/erlang/miniproject-erlang-70056_70666/src/factory.erl
/home/victorditadi/personal/masters/pclt/erlang/miniproject-erlang-70056_70666/src/factory.erl
/home/victorditadi/personal/masters/pclt/erlang/miniproject-erlang-70056_70666/src/factory.erl
/home/victorditadi/personal/masters/pclt/erlang/miniproject-erlang-70056_70666/src/factory.erl
Checking sync
Checking sync_notify
Checking sync_options
Checking sync_scanner
Checking sync_utils
Checking pc
Checking pc_compilation
Checking pc_port_env
Checking pc_port_specs
Checking pc_prv_clean
Checking pc_prv_compile
Checking pc_util
Checking factory
/home/victorditadi/personal/masters/pclt/erlang/miniproject-erlang-70056_70666/src/factory.erl
/home/victorditadi/personal/masters/pclt/erlang/miniproject-erlang-70056_70666/src/factory.erl
/home/victorditadi/personal/masters/pclt/erlang/miniproject-erlang-70056_70666/src/factory.erl
/home/victorditadi/personal/masters/pclt/erlang/miniproject-erlang-70056_70666/src/factory.erl
/home/victorditadi/personal/masters/pclt/erlang/miniproject-erlang-70056_70666/src/factory.erl
/home/victorditadi/personal/masters/pclt/erlang/miniproject-erlang-70056_70666/src/factory.erl
/home/victorditadi/personal/masters/pclt/erlang/miniproject-erlang-70056_70666/src/factory.erl
/home/victorditadi/personal/masters/pclt/erlang/miniproject-erlang-70056_70666/src/factory.erl
/home/victorditadi/personal/masters/pclt/erlang/miniproject-erlang-70056_70666/src/factory.erl
/home/victorditadi/personal/masters/pclt/erlang/miniproject-erlang-70056_70666/src/factory.erl
/home/victorditadi/personal/masters/pclt/erlang/miniproject-erlang-70056_70666/src/factory.erl
/home/victorditadi/personal/masters/pclt/erlang/miniproject-erlang-70056_70666/src/factory.erl
/home/victorditadi/personal/masters/pclt/erlang/miniproject-erlang-70056_70666/src/factory.erl
/home/victorditadi/personal/masters/pclt/erlang/miniproject-erlang-70056_70666/src/factory.erl
/home/victorditadi/personal/masters/pclt/erlang/miniproject-erlang-70056_70666/src/factory.erl
Checking sync
Checking sync_notify
Checking sync_options
Checking sync_scanner
Checking sync_utils
Checking pc
Checking pc_compilation
Checking pc_port_env
Checking pc_port_specs
Checking pc_prv_clean
Checking pc_prv_compile
Checking pc_util
Checking factory
/home/victorditadi/personal/masters/pclt/erlang/miniproject-erlang-70056_70666/src/factory.erl
/home/victorditadi/personal/masters/pclt/erlang/miniproject-erlang-70056_70666/src/factory.erl
/home/victorditadi/personal/masters/pclt/erlang/miniproject-erlang-70056_70666/src/factory.erl
/home/victorditadi/personal/masters/pclt/erlang/miniproject-erlang-70056_70666/src/factory.erl
/home/victorditadi/personal/masters/pclt/erlang/miniproject-erlang-70056_70666/src/factory.erl
/home/victorditadi/personal/masters/pclt/erlang/miniproject-erlang-70056_70666/src/factory.erl
/home/victorditadi/personal/masters/pclt/erlang/miniproject-erlang-70056_70666/src/factory.erl
Checking sync
Checking sync_notify
Checking sync_options
Checking sync_scanner
Checking sync_utils
Checking pc
Checking pc_compilation
Checking pc_port_env
Checking pc_port_specs
Checking pc_prv_clean
Checking pc_prv_compile
Checking pc_util
Checking factory
/home/victorditadi/personal/masters/pclt/erlang/miniproject-erlang-70056_70666/src/factory.erl
/home/victorditadi/personal/masters/pclt/erlang/miniproject-erlang-70056_70666/src/factory.erl
/home/victorditadi/personal/masters/pclt/erlang/miniproject-erlang-70056_70666/src/factory.erl
/home/victorditadi/personal/masters/pclt/erlang/miniproject-erlang-70056_70666/src/factory.erl
/home/victorditadi/personal/masters/pclt/erlang/miniproject-erlang-70056_70666/src/factory.erl
/home/victorditadi/personal/masters/pclt/erlang/miniproject-erlang-70056_70666/src/factory.erl
/home/victorditadi/personal/masters/pclt/erlang/miniproject-erlang-70056_70666/src/factory.erl
/home/victorditadi/personal/masters/pclt/erlang/miniproject-erlang-70056_70666/src/factory.erl
/home/victorditadi/personal/masters/pclt/erlang/miniproject-erlang-70056_70666/src/factory.erl
/home/victorditadi/personal/masters/pclt/erlang/miniproject-erlang-70056_70666/src/factory.erl
/home/victorditadi/personal/masters/pclt/erlang/miniproject-erlang-70056_70666/src/factory.erl
/home/victorditadi/personal/masters/pclt/erlang/miniproject-erlang-70056_70666/src/factory.erl
/home/victorditadi/personal/masters/pclt/erlang/miniproject-erlang-70056_70666/src/factory.erl
/home/victorditadi/personal/masters/pclt/erlang/miniproject-erlang-70056_70666/src/factory.erl
/home/victorditadi/personal/masters/pclt/erlang/miniproject-erlang-70056_70666/src/factory.erl
/home/victorditadi/personal/masters/pclt/erlang/miniproject-erlang-70056_70666/src/factory.erl
/home/victorditadi/personal/masters/pclt/erlang/miniproject-erlang-70056_70666/src/factory.erl
/home/victorditadi/personal/masters/pclt/erlang/miniproject-erlang-70056_70666/src/factory.erl
/home/victorditadi/personal/masters/pclt/erlang/miniproject-erlang-70056_70666/src/factory.erl
/home/victorditadi/personal/masters/pclt/erlang/miniproject-erlang-70056_70666/src/factory.erl
/home/victorditadi/personal/masters/pclt/erlang/miniproject-erlang-70056_70666/src/factory.erl
/home/victorditadi/personal/masters/pclt/erlang/miniproject-erlang-70056_70666/src/factory.erl
/home/victorditadi/personal/masters/pclt/erlang/miniproject-erlang-70056_70666/src/factory.erl
/home/victorditadi/personal/masters/pclt/erlang/miniproject-erlang-70056_70666/src/factory.erl
/home/victorditadi/personal/masters/pclt/erlang/miniproject-erlang-70056_70666/src/factory.erl
/home/victorditadi/personal/masters/pclt/erlang/miniproject-erlang-70056_70666/src/factory.erl
/home/victorditadi/personal/masters/pclt/erlang/miniproject-erlang-70056_70666/src/factory.erl
/home/victorditadi/personal/masters/pclt/erlang/miniproject-erlang-70056_70666/src/factory.erl
/home/victorditadi/personal/masters/pclt/erlang/miniproject-erlang-70056_70666/src/factory.erl
/home/victorditadi/personal/masters/pclt/erlang/miniproject-erlang-70056_70666/src/factory.erl
/home/victorditadi/personal/masters/pclt/erlang/miniproject-erlang-70056_70666/src/factory.erl
/home/victorditadi/personal/masters/pclt/erlang/miniproject-erlang-70056_70666/src/factory.erl
/home/victorditadi/personal/masters/pclt/erlang/miniproject-erlang-70056_70666/src/factory.erl
/home/victorditadi/personal/masters/pclt/erlang/miniproject-erlang-70056_70666/src/factory.erl
/home/victorditadi/personal/masters/pclt/erlang/miniproject-erlang-70056_70666/src/factory.erl
/home/victorditadi/personal/masters/pclt/erlang/miniproject-erlang-70056_70666/src/factory.erl
/home/victorditadi/personal/masters/pclt/erlang/miniproject-erlang-70056_70666/src/factory.erl
/home/victorditadi/personal/masters/pclt/erlang/miniproject-erlang-70056_70666/src/factory.erl
/home/victorditadi/personal/masters/pclt/erlang/miniproject-erlang-70056_70666/src/factory.erl
/home/victorditadi/personal/masters/pclt/erlang/miniproject-erlang-70056_70666/src/factory.erl
/home/victorditadi/personal/masters/pclt/erlang/miniproject-erlang-70056_70666/src/factory.erl
/home/victorditadi/personal/masters/pclt/erlang/miniproject-erlang-70056_70666/src/factory.erl
/home/victorditadi/personal/masters/pclt/erlang/miniproject-erlang-70056_70666/src/factory.erl
/home/victorditadi/personal/masters/pclt/erlang/miniproject-erlang-70056_70666/src/factory.erl
/home/victorditadi/personal/masters/pclt/erlang/miniproject-erlang-70056_70666/src/factory.erl
/home/victorditadi/personal/masters/pclt/erlang/miniproject-erlang-70056_70666/src/factory.erl
/home/victorditadi/personal/masters/pclt/erlang/miniproject-erlang-70056_70666/src/factory.erl
/home/victorditadi/personal/masters/pclt/erlang/miniproject-erlang-70056_70666/src/factory.erl
/home/victorditadi/personal/masters/pclt/erlang/miniproject-erlang-70056_70666/src/factory.erl
/home/victorditadi/personal/masters/pclt/erlang/miniproject-erlang-70056_70666/src/factory.erl
/home/victorditadi/personal/masters/pclt/erlang/miniproject-erlang-70056_70666/src/factory.erl
/home/victorditadi/personal/masters/pclt/erlang/miniproject-erlang-70056_70666/src/factory.erl
/home/victorditadi/personal/masters/pclt/erlang/miniproject-erlang-70056_70666/src/factory.erl
/home/victorditadi/personal/masters/pclt/erlang/miniproject-erlang-70056_70666/src/factory.erl
/home/victorditadi/personal/masters/pclt/erlang/miniproject-erlang-70056_70666/src/factory.erl
/home/victorditadi/personal/masters/pclt/erlang/miniproject-erlang-70056_70666/src/factory.erl
/home/victorditadi/personal/masters/pclt/erlang/miniproject-erlang-70056_70666/src/factory.erl
/home/victorditadi/personal/masters/pclt/erlang/miniproject-erlang-70056_70666/src/factory.erl
/home/victorditadi/personal/masters/pclt/erlang/miniproject-erlang-70056_70666/src/factory.erl
/home/victorditadi/personal/masters/pclt/erlang/miniproject-erlang-70056_70666/src/factory.erl
/home/victorditadi/personal/masters/pclt/erlang/miniproject-erlang-70056_70666/src/factory.erl
/home/victorditadi/personal/masters/pclt/erlang/miniproject-erlang-70056_70666/src/factory.erl
/home/victorditadi/personal/masters/pclt/erlang/miniproject-erlang-70056_70666/src/factory.erl
/home/victorditadi/personal/masters/pclt/erlang/miniproject-erlang-70056_70666/src/factory.erl
Checking sync
Checking sync_notify
Checking sync_options
Checking sync_scanner
Checking sync_utils
Checking pc
Checking pc_compilation
Checking pc_port_env
Checking pc_port_specs
Checking pc_prv_clean
Checking pc_prv_compile
Checking pc_util
Checking factory
Checking sync
Checking sync_notify
Checking sync_options
Checking sync_scanner
Checking sync_utils
Checking pc
Checking pc_compilation
Checking pc_port_env
Checking pc_port_specs
Checking pc_prv_clean
Checking pc_prv_compile
Checking pc_util
Checking factory
Checking sync
Checking sync_notify
Checking sync_options
Checking sync_scanner
Checking sync_utils
Checking pc
Checking pc_compilation
Checking pc_port_env
Checking pc_port_specs
Checking pc_prv_clean
Checking pc_prv_compile
Checking pc_util
Checking factory
Checking sync
Checking sync_notify
Checking sync_options
Checking sync_scanner
Checking sync_utils
Checking pc
Checking pc_compilation
Checking pc_port_env
Checking pc_port_specs
Checking pc_prv_clean
Checking pc_prv_compile
Checking pc_util
Checking sync
Checking sync_notify
Checking sync_options
Checking sync_scanner
Checking sync_utils
Checking pc
Checking pc_compilation
Checking pc_port_env
Checking pc_port_specs
Checking pc_prv_clean
Checking pc_prv_compile
Checking pc_util
Checking sync
Checking sync_notify
Checking sync_options
Checking sync_scanner
Checking sync_utils
Checking pc
Checking pc_compilation
Checking pc_port_env
Checking pc_port_specs
Checking pc_prv_clean
Checking pc_prv_compile
Checking pc_util
Checking factory
Checking sync
Checking sync_notify
Checking sync_options
Checking sync_scanner
Checking sync_utils
Checking pc
Checking pc_compilation
Checking pc_port_env
Checking pc_port_specs
Checking pc_prv_clean
Checking pc_prv_compile
Checking pc_util
Checking sync
Checking sync_notify
Checking sync_options
Checking sync_scanner
Checking sync_utils
Checking pc
Checking pc_compilation
Checking pc_port_env
Checking pc_port_specs
Checking pc_prv_clean
Checking pc_prv_compile
Checking pc_util
Checking sync
Checking sync_notify
Checking sync_options
Checking sync_scanner
Checking sync_utils
Checking pc
Checking pc_compilation
Checking pc_port_env
Checking pc_port_specs
Checking pc_prv_clean
Checking pc_prv_compile
Checking pc_util
Checking factory
Checking sync
Checking sync_notify
Checking sync_options
Checking sync_scanner
Checking sync_utils
Checking pc
Checking pc_compilation
Checking pc_port_env
Checking pc_port_specs
Checking pc_prv_clean
Checking pc_prv_compile
Checking pc_util
Checking factory
Checking sync
Checking sync_notify
Checking sync_options
Checking sync_scanner
Checking sync_utils
Checking pc
Checking pc_compilation
Checking pc_port_env
Checking pc_port_specs
Checking pc_prv_clean
Checking pc_prv_compile
Checking pc_util
Checking factory
Checking sync
Checking sync_notify
Checking sync_options
Checking sync_scanner
Checking sync_utils
Checking pc
Checking pc_compilation
Checking pc_port_env
Checking pc_port_specs
Checking pc_prv_clean
Checking pc_prv_compile
Checking pc_util
Checking factory
Checking sync
Checking sync_notify
Checking sync_options
Checking sync_scanner
Checking sync_utils
Checking pc
Checking pc_compilation
Checking pc_port_env
Checking pc_port_specs
Checking pc_prv_clean
Checking pc_prv_compile
Checking pc_util
Checking factory
Checking sync
Checking sync_notify
Checking sync_options
Checking sync_scanner
Checking sync_utils
Checking pc
Checking pc_compilation
Checking pc_port_env
Checking pc_port_specs
Checking pc_prv_clean
Checking pc_prv_compile
Checking pc_util
Checking factory
/home/victorditadi/personal/masters/pclt/erlang/miniproject-erlang-70056_70666/src/factory.erl
/home/victorditadi/personal/masters/pclt/erlang/miniproject-erlang-70056_70666/src/factory.erl
Checking factory-bp
/home/victorditadi/personal/masters/pclt/erlang/miniproject-erlang-70056_70666/src/factory-bp.erl
Checking sync
Checking sync_notify
Checking sync_options
Checking sync_scanner
Checking sync_utils
Checking pc
Checking pc_compilation
Checking pc_port_env
Checking pc_port_specs
Checking pc_prv_clean
Checking pc_prv_compile
Checking pc_util
Checking factory-bp
/home/victorditadi/personal/masters/pclt/erlang/miniproject-erlang-70056_70666/src/factory-bp.erl
Checking sync
Checking sync_notify
Checking sync_options
Checking sync_scanner
Checking sync_utils
Checking pc
Checking pc_compilation
Checking pc_port_env
Checking pc_port_specs
Checking pc_prv_clean
Checking pc_prv_compile
Checking pc_util
Checking factory-bp
/home/victorditadi/personal/masters/pclt/erlang/miniproject-erlang-70056_70666/src/factory-bp.erl
Checking sync
Checking sync_notify
Checking sync_options
Checking sync_scanner
Checking sync_utils
Checking pc
Checking pc_compilation
Checking pc_port_env
Checking pc_port_specs
Checking pc_prv_clean
Checking pc_prv_compile
Checking pc_util
Checking factory-bp
/home/victorditadi/personal/masters/pclt/erlang/miniproject-erlang-70056_70666/src/factory-bp.erl
Checking sync
Checking sync_notify
Checking sync_options
Checking sync_scanner
Checking sync_utils
Checking pc
Checking pc_compilation
Checking pc_port_env
Checking pc_port_specs
Checking pc_prv_clean
Checking pc_prv_compile
Checking pc_util
Checking factory-bp
/home/victorditadi/personal/masters/pclt/erlang/miniproject-erlang-70056_70666/src/factory-bp.erl
Checking sync
Checking sync_notify
Checking sync_options
Checking sync_scanner
Checking sync_utils
Checking pc
Checking pc_compilation
Checking pc_port_env
Checking pc_port_specs
Checking pc_prv_clean
Checking pc_prv_compile
Checking pc_util
Checking factory-bp
/home/victorditadi/personal/masters/pclt/erlang/miniproject-erlang-70056_70666/src/factory-bp.erl
Checking sync
Checking sync_notify
Checking sync_options
Checking sync_scanner
Checking sync_utils
Checking pc
Checking pc_compilation
Checking pc_port_env
Checking pc_port_specs
Checking pc_prv_clean
Checking pc_prv_compile
Checking pc_util
Checking factory
/home/victorditadi/personal/masters/pclt/erlang/miniproject-erlang-70056_70666/src/factory.erl
/home/victorditadi/personal/masters/pclt/erlang/miniproject-erlang-70056_70666/src/factory.erl
/home/victorditadi/personal/masters/pclt/erlang/miniproject-erlang-70056_70666/src/factory.erl
/home/victorditadi/personal/masters/pclt/erlang/miniproject-erlang-70056_70666/src/factory.erl
/home/victorditadi/personal/masters/pclt/erlang/miniproject-erlang-70056_70666/src/factory.erl
/home/victorditadi/personal/masters/pclt/erlang/miniproject-erlang-70056_70666/src/factory.erl
/home/victorditadi/personal/masters/pclt/erlang/miniproject-erlang-70056_70666/src/factory.erl
/home/victorditadi/personal/masters/pclt/erlang/miniproject-erlang-70056_70666/src/factory.erl
/home/victorditadi/personal/masters/pclt/erlang/miniproject-erlang-70056_70666/src/factory.erl
/home/victorditadi/personal/masters/pclt/erlang/miniproject-erlang-70056_70666/src/factory.erl
/home/victorditadi/personal/masters/pclt/erlang/miniproject-erlang-70056_70666/src/factory.erl
/home/victorditadi/personal/masters/pclt/erlang/miniproject-erlang-70056_70666/src/factory.erl
/home/victorditadi/personal/masters/pclt/erlang/miniproject-erlang-70056_70666/src/factory.erl
/home/victorditadi/personal/masters/pclt/erlang/miniproject-erlang-70056_70666/src/factory.erl
/home/victorditadi/personal/masters/pclt/erlang/miniproject-erlang-70056_70666/src/factory.erl
/home/victorditadi/personal/masters/pclt/erlang/miniproject-erlang-70056_70666/src/factory.erl
/home/victorditadi/personal/masters/pclt/erlang/miniproject-erlang-70056_70666/src/factory.erl
/home/victorditadi/personal/masters/pclt/erlang/miniproject-erlang-70056_70666/src/factory.erl
/home/victorditadi/personal/masters/pclt/erlang/miniproject-erlang-70056_70666/src/factory.erl
/home/victorditadi/personal/masters/pclt/erlang/miniproject-erlang-70056_70666/src/factory.erl
/home/victorditadi/personal/masters/pclt/erlang/miniproject-erlang-70056_70666/src/factory.erl
/home/victorditadi/personal/masters/pclt/erlang/miniproject-erlang-70056_70666/src/factory.erl
/home/victorditadi/personal/masters/pclt/erlang/miniproject-erlang-70056_70666/src/factory.erl
/home/victorditadi/personal/masters/pclt/erlang/miniproject-erlang-70056_70666/src/factory.erl
/home/victorditadi/personal/masters/pclt/erlang/miniproject-erlang-70056_70666/src/factory.erl
/home/victorditadi/personal/masters/pclt/erlang/miniproject-erlang-70056_70666/src/factory.erl
/home/victorditadi/personal/masters/pclt/erlang/miniproject-erlang-70056_70666/src/factory.erl
/home/victorditadi/personal/masters/pclt/erlang/miniproject-erlang-70056_70666/src/factory.erl
/home/victorditadi/personal/masters/pclt/erlang/miniproject-erlang-70056_70666/src/factory.erl
/home/victorditadi/personal/masters/pclt/erlang/miniproject-erlang-70056_70666/src/factory.erl
/home/victorditadi/personal/masters/pclt/erlang/miniproject-erlang-70056_70666/src/factory.erl
/home/victorditadi/personal/masters/pclt/erlang/miniproject-erlang-70056_70666/src/factory.erl
/home/victorditadi/personal/masters/pclt/erlang/miniproject-erlang-70056_70666/src/factory.erl
/home/victorditadi/personal/masters/pclt/erlang/miniproject-erlang-70056_70666/src/factory.erl
/home/victorditadi/personal/masters/pclt/erlang/miniproject-erlang-70056_70666/src/factory.erl
/home/victorditadi/personal/masters/pclt/erlang/miniproject-erlang-70056_70666/src/factory.erl
/home/victorditadi/personal/masters/pclt/erlang/miniproject-erlang-70056_70666/src/factory.erl
/home/victorditadi/personal/masters/pclt/erlang/miniproject-erlang-70056_70666/src/factory.erl
/home/victorditadi/personal/masters/pclt/erlang/miniproject-erlang-70056_70666/src/factory.erl
/home/victorditadi/personal/masters/pclt/erlang/miniproject-erlang-70056_70666/src/factory.erl
/home/victorditadi/personal/masters/pclt/erlang/miniproject-erlang-70056_70666/src/factory.erl
/home/victorditadi/personal/masters/pclt/erlang/miniproject-erlang-70056_70666/src/factory.erl
/home/victorditadi/personal/masters/pclt/erlang/miniproject-erlang-70056_70666/src/factory.erl
/home/victorditadi/personal/masters/pclt/erlang/miniproject-erlang-70056_70666/src/factory.erl
/home/victorditadi/personal/masters/pclt/erlang/miniproject-erlang-70056_70666/src/factory.erl
/home/victorditadi/personal/masters/pclt/erlang/miniproject-erlang-70056_70666/src/factory.erl
/home/victorditadi/personal/masters/pclt/erlang/miniproject-erlang-70056_70666/src/factory.erl
/home/victorditadi/personal/masters/pclt/erlang/miniproject-erlang-70056_70666/src/factory.erl
/home/victorditadi/personal/masters/pclt/erlang/miniproject-erlang-70056_70666/src/factory.erl
/home/victorditadi/personal/masters/pclt/erlang/miniproject-erlang-70056_70666/src/factory.erl
/home/victorditadi/personal/masters/pclt/erlang/miniproject-erlang-70056_70666/src/factory.erl
/home/victorditadi/personal/masters/pclt/erlang/miniproject-erlang-70056_70666/src/factory.erl
/home/victorditadi/personal/masters/pclt/erlang/miniproject-erlang-70056_70666/src/factory.erl
/home/victorditadi/personal/masters/pclt/erlang/miniproject-erlang-70056_70666/src/factory.erl
/home/victorditadi/personal/masters/pclt/erlang/miniproject-erlang-70056_70666/src/factory.erl
/home/victorditadi/personal/masters/pclt/erlang/miniproject-erlang-70056_70666/src/factory.erl
/home/victorditadi/personal/masters/pclt/erlang/miniproject-erlang-70056_70666/src/factory.erl
/home/victorditadi/personal/masters/pclt/erlang/miniproject-erlang-70056_70666/src/factory.erl
/home/victorditadi/personal/masters/pclt/erlang/miniproject-erlang-70056_70666/src/factory.erl
/home/victorditadi/personal/masters/pclt/erlang/miniproject-erlang-70056_70666/src/factory.erl
/home/victorditadi/personal/masters/pclt/erlang/miniproject-erlang-70056_70666/src/factory.erl
/home/victorditadi/personal/masters/pclt/erlang/miniproject-erlang-70056_70666/src/factory.erl
/home/victorditadi/personal/masters/pclt/erlang/miniproject-erlang-70056_70666/src/factory.erl
/home/victorditadi/personal/masters/pclt/erlang/miniproject-erlang-70056_70666/src/factory.erl
/home/victorditadi/personal/masters/pclt/erlang/miniproject-erlang-70056_70666/src/factory.erl
/home/victorditadi/personal/masters/pclt/erlang/miniproject-erlang-70056_70666/src/factory.erl
/home/victorditadi/personal/masters/pclt/erlang/miniproject-erlang-70056_70666/src/factory.erl
/home/victorditadi/personal/masters/pclt/erlang/miniproject-erlang-70056_70666/src/factory.erl
/home/victorditadi/personal/masters/pclt/erlang/miniproject-erlang-70056_70666/src/factory.erl
/home/victorditadi/personal/masters/pclt/erlang/miniproject-erlang-70056_70666/src/factory.erl
/home/victorditadi/personal/masters/pclt/erlang/miniproject-erlang-70056_70666/src/factory.erl
/home/victorditadi/personal/masters/pclt/erlang/miniproject-erlang-70056_70666/src/factory.erl
/home/victorditadi/personal/masters/pclt/erlang/miniproject-erlang-70056_70666/src/factory.erl
/home/victorditadi/personal/masters/pclt/erlang/miniproject-erlang-70056_70666/src/factory.erl
/home/victorditadi/personal/masters/pclt/erlang/miniproject-erlang-70056_70666/src/factory.erl
/home/victorditadi/personal/masters/pclt/erlang/miniproject-erlang-70056_70666/src/factory.erl
/home/victorditadi/personal/masters/pclt/erlang/miniproject-erlang-70056_70666/src/factory.erl
/home/victorditadi/personal/masters/pclt/erlang/miniproject-erlang-70056_70666/src/factory.erl
/home/victorditadi/personal/masters/pclt/erlang/miniproject-erlang-70056_70666/src/factory.erl
/home/victorditadi/personal/masters/pclt/erlang/miniproject-erlang-70056_70666/src/factory.erl
/home/victorditadi/personal/masters/pclt/erlang/miniproject-erlang-70056_70666/src/factory.erl
/home/victorditadi/personal/masters/pclt/erlang/miniproject-erlang-70056_70666/src/factory.erl
/home/victorditadi/personal/masters/pclt/erlang/miniproject-erlang-70056_70666/src/factory.erl
/home/victorditadi/personal/masters/pclt/erlang/miniproject-erlang-70056_70666/src/factory.erl
/home/victorditadi/personal/masters/pclt/erlang/miniproject-erlang-70056_70666/src/factory.erl
/home/victorditadi/personal/masters/pclt/erlang/miniproject-erlang-70056_70666/src/factory.erl
/home/victorditadi/personal/masters/pclt/erlang/miniproject-erlang-70056_70666/src/factory.erl
/home/victorditadi/personal/masters/pclt/erlang/miniproject-erlang-70056_70666/src/factory.erl
/home/victorditadi/personal/masters/pclt/erlang/miniproject-erlang-70056_70666/src/factory.erl
/home/victorditadi/personal/masters/pclt/erlang/miniproject-erlang-70056_70666/src/factory.erl
/home/victorditadi/personal/masters/pclt/erlang/miniproject-erlang-70056_70666/src/factory.erl
/home/victorditadi/personal/masters/pclt/erlang/miniproject-erlang-70056_70666/src/factory.erl
/home/victorditadi/personal/masters/pclt/erlang/miniproject-erlang-70056_70666/src/factory.erl
/home/victorditadi/personal/masters/pclt/erlang/miniproject-erlang-70056_70666/src/factory.erl
/home/victorditadi/personal/masters/pclt/erlang/miniproject-erlang-70056_70666/src/factory.erl
/home/victorditadi/personal/masters/pclt/erlang/miniproject-erlang-70056_70666/src/factory.erl
/home/victorditadi/personal/masters/pclt/erlang/miniproject-erlang-70056_70666/src/factory.erl
/home/victorditadi/personal/masters/pclt/erlang/miniproject-erlang-70056_70666/src/factory.erl
/home/victorditadi/personal/masters/pclt/erlang/miniproject-erlang-70056_70666/src/factory.erl
/home/victorditadi/personal/masters/pclt/erlang/miniproject-erlang-70056_70666/src/factory.erl
/home/victorditadi/personal/masters/pclt/erlang/miniproject-erlang-70056_70666/src/factory.erl
/home/victorditadi/personal/masters/pclt/erlang/miniproject-erlang-70056_70666/src/factory.erl
/home/victorditadi/personal/masters/pclt/erlang/miniproject-erlang-70056_70666/src/factory.erl
/home/victorditadi/personal/masters/pclt/erlang/miniproject-erlang-70056_70666/src/factory.erl
/home/victorditadi/personal/masters/pclt/erlang/miniproject-erlang-70056_70666/src/factory.erl
/home/victorditadi/personal/masters/pclt/erlang/miniproject-erlang-70056_70666/src/factory.erl
/home/victorditadi/personal/masters/pclt/erlang/miniproject-erlang-70056_70666/src/factory.erl
/home/victorditadi/personal/masters/pclt/erlang/miniproject-erlang-70056_70666/src/factory.erl
/home/victorditadi/personal/masters/pclt/erlang/miniproject-erlang-70056_70666/src/factory.erl
/home/victorditadi/personal/masters/pclt/erlang/miniproject-erlang-70056_70666/src/factory.erl
/home/victorditadi/personal/masters/pclt/erlang/miniproject-erlang-70056_70666/src/factory.erl
/home/victorditadi/personal/masters/pclt/erlang/miniproject-erlang-70056_70666/src/factory.erl
/home/victorditadi/personal/masters/pclt/erlang/miniproject-erlang-70056_70666/src/factory.erl
/home/victorditadi/personal/masters/pclt/erlang/miniproject-erlang-70056_70666/src/factory.erl
/home/victorditadi/personal/masters/pclt/erlang/miniproject-erlang-70056_70666/src/factory.erl
/home/victorditadi/personal/masters/pclt/erlang/miniproject-erlang-70056_70666/src/factory.erl
Checking sync
Checking sync_notify
Checking sync_options
Checking sync_scanner
Checking sync_utils
Checking pc
Checking pc_compilation
Checking pc_port_env
Checking pc_port_specs
Checking pc_prv_clean
Checking pc_prv_compile
Checking pc_util
Checking factory
/home/victorditadi/personal/masters/pclt/erlang/miniproject-erlang-70056_70666/src/factory.erl
/home/victorditadi/personal/masters/pclt/erlang/miniproject-erlang-70056_70666/src/factory.erl
/home/victorditadi/personal/masters/pclt/erlang/miniproject-erlang-70056_70666/src/factory.erl
/home/victorditadi/personal/masters/pclt/erlang/miniproject-erlang-70056_70666/src/factory.erl
/home/victorditadi/personal/masters/pclt/erlang/miniproject-erlang-70056_70666/src/factory.erl
/home/victorditadi/personal/masters/pclt/erlang/miniproject-erlang-70056_70666/src/factory.erl
/home/victorditadi/personal/masters/pclt/erlang/miniproject-erlang-70056_70666/src/factory.erl
/home/victorditadi/personal/masters/pclt/erlang/miniproject-erlang-70056_70666/src/factory.erl
/home/victorditadi/personal/masters/pclt/erlang/miniproject-erlang-70056_70666/src/factory.erl
/home/victorditadi/personal/masters/pclt/erlang/miniproject-erlang-70056_70666/src/factory.erl
/home/victorditadi/personal/masters/pclt/erlang/miniproject-erlang-70056_70666/src/factory.erl
/home/victorditadi/personal/masters/pclt/erlang/miniproject-erlang-70056_70666/src/factory.erl
/home/victorditadi/personal/masters/pclt/erlang/miniproject-erlang-70056_70666/src/factory.erl
/home/victorditadi/personal/masters/pclt/erlang/miniproject-erlang-70056_70666/src/factory.erl
/home/victorditadi/personal/masters/pclt/erlang/miniproject-erlang-70056_70666/src/factory.erl
Checking sync
Checking sync_notify
Checking sync_options
Checking sync_scanner
Checking sync_utils
Checking pc
Checking pc_compilation
Checking pc_port_env
Checking pc_port_specs
Checking pc_prv_clean
Checking pc_prv_compile
Checking pc_util
Checking sync
Checking sync_notify
Checking sync_options
Checking sync_scanner
Checking sync_utils
Checking pc
Checking pc_compilation
Checking pc_port_env
Checking pc_port_specs
Checking pc_prv_clean
Checking pc_prv_compile
Checking pc_util
Checking sync
Checking sync_notify
Checking sync_options
Checking sync_scanner
Checking sync_utils
Checking pc
Checking pc_compilation
Checking pc_port_env
Checking pc_port_specs
Checking pc_prv_clean
Checking pc_prv_compile
Checking pc_util
Checking sync
Checking sync_notify
Checking sync_options
Checking sync_scanner
Checking sync_utils
Checking pc
Checking pc_compilation
Checking pc_port_env
Checking pc_port_specs
Checking pc_prv_clean
Checking pc_prv_compile
Checking pc_util
Checking factory
Checking sync
Checking sync_notify
Checking sync_options
Checking sync_scanner
Checking sync_utils
Checking pc
Checking pc_compilation
Checking pc_port_env
Checking pc_port_specs
Checking pc_prv_clean
Checking pc_prv_compile
Checking pc_util
Checking factory
Checking sync
Checking sync_notify
Checking sync_options
Checking sync_scanner
Checking sync_utils
Checking pc
Checking pc_compilation
Checking pc_port_env
Checking pc_port_specs
Checking pc_prv_clean
Checking pc_prv_compile
Checking pc_util
Checking factory
Checking sync
Checking sync_notify
Checking sync_options
Checking sync_scanner
Checking sync_utils
Checking pc
Checking pc_compilation
Checking pc_port_env
Checking pc_port_specs
Checking pc_prv_clean
Checking pc_prv_compile
Checking pc_util
Checking factory
/home/victorditadi/personal/masters/pclt/erlang/miniproject-erlang-70056_70666/src/factory.erl
/home/victorditadi/personal/masters/pclt/erlang/miniproject-erlang-70056_70666/src/factory.erl
/home/victorditadi/personal/masters/pclt/erlang/miniproject-erlang-70056_70666/src/factory.erl
/home/victorditadi/personal/masters/pclt/erlang/miniproject-erlang-70056_70666/src/factory.erl
/home/victorditadi/personal/masters/pclt/erlang/miniproject-erlang-70056_70666/src/factory.erl
/home/victorditadi/personal/masters/pclt/erlang/miniproject-erlang-70056_70666/src/factory.erl
/home/victorditadi/personal/masters/pclt/erlang/miniproject-erlang-70056_70666/src/factory.erl
Checking sync
Checking sync_notify
Checking sync_options
Checking sync_scanner
Checking sync_utils
Checking pc
Checking pc_compilation
Checking pc_port_env
Checking pc_port_specs
Checking pc_prv_clean
Checking pc_prv_compile
Checking pc_util
Checking factory
/home/victorditadi/personal/masters/pclt/erlang/miniproject-erlang-70056_70666/src/factory.erl
/home/victorditadi/personal/masters/pclt/erlang/miniproject-erlang-70056_70666/src/factory.erl
/home/victorditadi/personal/masters/pclt/erlang/miniproject-erlang-70056_70666/src/factory.erl
/home/victorditadi/personal/masters/pclt/erlang/miniproject-erlang-70056_70666/src/factory.erl
/home/victorditadi/personal/masters/pclt/erlang/miniproject-erlang-70056_70666/src/factory.erl
/home/victorditadi/personal/masters/pclt/erlang/miniproject-erlang-70056_70666/src/factory.erl
/home/victorditadi/personal/masters/pclt/erlang/miniproject-erlang-70056_70666/src/factory.erl
/home/victorditadi/personal/masters/pclt/erlang/miniproject-erlang-70056_70666/src/factory.erl
/home/victorditadi/personal/masters/pclt/erlang/miniproject-erlang-70056_70666/src/factory.erl
/home/victorditadi/personal/masters/pclt/erlang/miniproject-erlang-70056_70666/src/factory.erl
/home/victorditadi/personal/masters/pclt/erlang/miniproject-erlang-70056_70666/src/factory.erl
/home/victorditadi/personal/masters/pclt/erlang/miniproject-erlang-70056_70666/src/factory.erl
/home/victorditadi/personal/masters/pclt/erlang/miniproject-erlang-70056_70666/src/factory.erl
/home/victorditadi/personal/masters/pclt/erlang/miniproject-erlang-70056_70666/src/factory.erl
/home/victorditadi/personal/masters/pclt/erlang/miniproject-erlang-70056_70666/src/factory.erl
/home/victorditadi/personal/masters/pclt/erlang/miniproject-erlang-70056_70666/src/factory.erl
/home/victorditadi/personal/masters/pclt/erlang/miniproject-erlang-70056_70666/src/factory.erl
/home/victorditadi/personal/masters/pclt/erlang/miniproject-erlang-70056_70666/src/factory.erl
/home/victorditadi/personal/masters/pclt/erlang/miniproject-erlang-70056_70666/src/factory.erl
/home/victorditadi/personal/masters/pclt/erlang/miniproject-erlang-70056_70666/src/factory.erl
/home/victorditadi/personal/masters/pclt/erlang/miniproject-erlang-70056_70666/src/factory.erl
/home/victorditadi/personal/masters/pclt/erlang/miniproject-erlang-70056_70666/src/factory.erl
/home/victorditadi/personal/masters/pclt/erlang/miniproject-erlang-70056_70666/src/factory.erl
/home/victorditadi/personal/masters/pclt/erlang/miniproject-erlang-70056_70666/src/factory.erl
/home/victorditadi/personal/masters/pclt/erlang/miniproject-erlang-70056_70666/src/factory.erl
/home/victorditadi/personal/masters/pclt/erlang/miniproject-erlang-70056_70666/src/factory.erl
/home/victorditadi/personal/masters/pclt/erlang/miniproject-erlang-70056_70666/src/factory.erl
/home/victorditadi/personal/masters/pclt/erlang/miniproject-erlang-70056_70666/src/factory.erl
/home/victorditadi/personal/masters/pclt/erlang/miniproject-erlang-70056_70666/src/factory.erl
/home/victorditadi/personal/masters/pclt/erlang/miniproject-erlang-70056_70666/src/factory.erl
/home/victorditadi/personal/masters/pclt/erlang/miniproject-erlang-70056_70666/src/factory.erl
/home/victorditadi/personal/masters/pclt/erlang/miniproject-erlang-70056_70666/src/factory.erl
/home/victorditadi/personal/masters/pclt/erlang/miniproject-erlang-70056_70666/src/factory.erl
/home/victorditadi/personal/masters/pclt/erlang/miniproject-erlang-70056_70666/src/factory.erl
/home/victorditadi/personal/masters/pclt/erlang/miniproject-erlang-70056_70666/src/factory.erl
/home/victorditadi/personal/masters/pclt/erlang/miniproject-erlang-70056_70666/src/factory.erl
/home/victorditadi/personal/masters/pclt/erlang/miniproject-erlang-70056_70666/src/factory.erl
/home/victorditadi/personal/masters/pclt/erlang/miniproject-erlang-70056_70666/src/factory.erl
/home/victorditadi/personal/masters/pclt/erlang/miniproject-erlang-70056_70666/src/factory.erl
/home/victorditadi/personal/masters/pclt/erlang/miniproject-erlang-70056_70666/src/factory.erl
/home/victorditadi/personal/masters/pclt/erlang/miniproject-erlang-70056_70666/src/factory.erl
/home/victorditadi/personal/masters/pclt/erlang/miniproject-erlang-70056_70666/src/factory.erl
/home/victorditadi/personal/masters/pclt/erlang/miniproject-erlang-70056_70666/src/factory.erl
/home/victorditadi/personal/masters/pclt/erlang/miniproject-erlang-70056_70666/src/factory.erl
/home/victorditadi/personal/masters/pclt/erlang/miniproject-erlang-70056_70666/src/factory.erl
/home/victorditadi/personal/masters/pclt/erlang/miniproject-erlang-70056_70666/src/factory.erl
Checking sync
Checking sync_notify
Checking sync_options
Checking sync_scanner
Checking sync_utils
Checking pc
Checking pc_compilation
Checking pc_port_env
Checking pc_port_specs
Checking pc_prv_clean
Checking pc_prv_compile
Checking pc_util
Checking factory
/home/victorditadi/personal/masters/pclt/erlang/miniproject-erlang-70056_70666/src/factory.erl
Checking sync
Checking sync_notify
Checking sync_options
Checking sync_scanner
Checking sync_utils
Checking pc
Checking pc_compilation
Checking pc_port_env
Checking pc_port_specs
Checking pc_prv_clean
Checking pc_prv_compile
Checking pc_util
Checking factory
/home/victorditadi/personal/masters/pclt/erlang/miniproject-erlang-70056_70666/src/factory.erl
Checking sync
Checking sync_notify
Checking sync_options
Checking sync_scanner
Checking sync_utils
Checking pc
Checking pc_compilation
Checking pc_port_env
Checking pc_port_specs
Checking pc_prv_clean
Checking pc_prv_compile
Checking pc_util
Checking sync
Checking sync_notify
Checking sync_options
Checking sync_scanner
Checking sync_utils
Checking pc
Checking pc_compilation
Checking pc_port_env
Checking pc_port_specs
Checking pc_prv_clean
Checking pc_prv_compile
Checking pc_util
Checking factory
Checking sync
Checking sync_notify
Checking sync_options
Checking sync_scanner
Checking sync_utils
Checking pc
Checking pc_compilation
Checking pc_port_env
Checking pc_port_specs
Checking pc_prv_clean
Checking pc_prv_compile
Checking pc_util
Checking factory
Checking sync
Checking sync_notify
Checking sync_options
Checking sync_scanner
Checking sync_utils
Checking pc
Checking pc_compilation
Checking pc_port_env
Checking pc_port_specs
Checking pc_prv_clean
Checking pc_prv_compile
Checking pc_util
Checking factory
/home/victorditadi/personal/masters/pclt/erlang/miniproject-erlang-70056_70666/src/factory.erl
/home/victorditadi/personal/masters/pclt/erlang/miniproject-erlang-70056_70666/src/factory.erl
/home/victorditadi/personal/masters/pclt/erlang/miniproject-erlang-70056_70666/src/factory.erl
/home/victorditadi/personal/masters/pclt/erlang/miniproject-erlang-70056_70666/src/factory.erl
/home/victorditadi/personal/masters/pclt/erlang/miniproject-erlang-70056_70666/src/factory.erl
/home/victorditadi/personal/masters/pclt/erlang/miniproject-erlang-70056_70666/src/factory.erl
/home/victorditadi/personal/masters/pclt/erlang/miniproject-erlang-70056_70666/src/factory.erl
/home/victorditadi/personal/masters/pclt/erlang/miniproject-erlang-70056_70666/src/factory.erl
/home/victorditadi/personal/masters/pclt/erlang/miniproject-erlang-70056_70666/src/factory.erl
Checking sync
Checking sync_notify
Checking sync_options
Checking sync_scanner
Checking sync_utils
Checking pc
Checking pc_compilation
Checking pc_port_env
Checking pc_port_specs
Checking pc_prv_clean
Checking pc_prv_compile
Checking pc_util
Checking factory
Checking sync
Checking sync_notify
Checking sync_options
Checking sync_scanner
Checking sync_utils
Checking pc
Checking pc_compilation
Checking pc_port_env
Checking pc_port_specs
Checking pc_prv_clean
Checking pc_prv_compile
Checking pc_util
Checking sync
Checking sync_notify
Checking sync_options
Checking sync_scanner
Checking sync_utils
Checking pc
Checking pc_compilation
Checking pc_port_env
Checking pc_port_specs
Checking pc_prv_clean
Checking pc_prv_compile
Checking pc_util
Checking task1
Checking sync
Checking sync_notify
Checking sync_options
Checking sync_scanner
Checking sync_utils
Checking pc
Checking pc_compilation
Checking pc_port_env
Checking pc_port_specs
Checking pc_prv_clean
Checking pc_prv_compile
Checking pc_util
Checking task1
Checking sync
Checking sync_notify
Checking sync_options
Checking sync_scanner
Checking sync_utils
Checking pc
Checking pc_compilation
Checking pc_port_env
Checking pc_port_specs
Checking pc_prv_clean
Checking pc_prv_compile
Checking pc_util
Checking sync
Checking sync_notify
Checking sync_options
Checking sync_scanner
Checking sync_utils
Checking pc
Checking pc_compilation
Checking pc_port_env
Checking pc_port_specs
Checking pc_prv_clean
Checking pc_prv_compile
Checking pc_util
Checking sync
Checking sync_notify
Checking sync_options
Checking sync_scanner
Checking sync_utils
Checking hex_api
Checking hex_api_auth
Checking hex_api_key
Checking hex_api_organization
Checking hex_api_organization_member
Checking hex_api_package
Checking hex_api_package_owner
Checking hex_api_release
Checking hex_api_user
Checking hex_core
Checking hex_erl_tar
Checking hex_filename
Checking hex_http
Checking hex_http_httpc
Checking hex_licenses
Checking hex_pb_names
Checking hex_pb_package
Checking hex_pb_signed
Checking hex_pb_versions
Checking hex_registry
Checking hex_repo
Checking hex_tarball
Checking safe_erl_term
Checking pc
Checking pc_compilation
Checking pc_port_env
Checking pc_port_specs
Checking pc_prv_clean
Checking pc_prv_compile
Checking pc_util
Checking hex_erl_tar
Checking hex_http
Checking task1
Checking task2
Checking sync
Checking sync_notify
Checking sync_options
Checking sync_scanner
Checking sync_utils
Checking pc
Checking pc_compilation
Checking pc_port_env
Checking pc_port_specs
Checking pc_prv_clean
Checking pc_prv_compile
Checking pc_util
Checking sync
Checking sync_notify
Checking sync_options
Checking sync_scanner
Checking sync_utils
Checking pc
Checking pc_compilation
Checking pc_port_env
Checking pc_port_specs
Checking pc_prv_clean
Checking pc_prv_compile
Checking pc_util
Checking sync
Checking sync_notify
Checking sync_options
Checking sync_scanner
Checking sync_utils
Checking pc
Checking pc_compilation
Checking pc_port_env
Checking pc_port_specs
Checking pc_prv_clean
Checking pc_prv_compile
Checking pc_util
Checking task1
Checking sync
Checking sync_notify
Checking sync_options
Checking sync_scanner
Checking sync_utils
Checking pc
Checking pc_compilation
Checking pc_port_env
Checking pc_port_specs
Checking pc_prv_clean
Checking pc_prv_compile
Checking pc_util
Checking sync
Checking sync_notify
Checking sync_options
Checking sync_scanner
Checking sync_utils
Checking pc
Checking pc_compilation
Checking pc_port_env
Checking pc_port_specs
Checking pc_prv_clean
Checking pc_prv_compile
Checking pc_util
Checking task2
/home/victorditadi/personal/masters/pclt/erlang/miniproject-erlang-70056_70666/src/task2/task2.erl
Checking sync
Checking sync_notify
Checking sync_options
Checking sync_scanner
Checking sync_utils
Checking pc
Checking pc_compilation
Checking pc_port_env
Checking pc_port_specs
Checking pc_prv_clean
Checking pc_prv_compile
Checking pc_util
Checking task2
/home/victorditadi/personal/masters/pclt/erlang/miniproject-erlang-70056_70666/src/task2/task2.erl
/home/victorditadi/personal/masters/pclt/erlang/miniproject-erlang-70056_70666/src/task2/task2.erl
Checking sync
Checking sync_notify
Checking sync_options
Checking sync_scanner
Checking sync_utils
Checking pc
Checking pc_compilation
Checking pc_port_env
Checking pc_port_specs
Checking pc_prv_clean
Checking pc_prv_compile
Checking pc_util
Checking sync
Checking sync_notify
Checking sync_options
Checking sync_scanner
Checking sync_utils
Checking pc
Checking pc_compilation
Checking pc_port_env
Checking pc_port_specs
Checking pc_prv_clean
Checking pc_prv_compile
Checking pc_util
Checking task1
Checking sync
Checking sync_notify
Checking sync_options
Checking sync_scanner
Checking sync_utils
Checking pc
Checking pc_compilation
Checking pc_port_env
Checking pc_port_specs
Checking pc_prv_clean
Checking pc_prv_compile
Checking pc_util
Checking sync
Checking sync_notify
Checking sync_options
Checking sync_scanner
Checking sync_utils
Checking pc
Checking pc_compilation
Checking pc_port_env
Checking pc_port_specs
Checking pc_prv_clean
Checking pc_prv_compile
Checking pc_util
Checking sync
Checking sync_notify
Checking sync_options
Checking sync_scanner
Checking sync_utils
Checking pc
Checking pc_compilation
Checking pc_port_env
Checking pc_port_specs
Checking pc_prv_clean
Checking pc_prv_compile
Checking pc_util
Checking task1
Checking sync
Checking sync_notify
Checking sync_options
Checking sync_scanner
Checking sync_utils
Checking pc
Checking pc_compilation
Checking pc_port_env
Checking pc_port_specs
Checking pc_prv_clean
Checking pc_prv_compile
Checking pc_util
Checking sync
Checking sync_notify
Checking sync_options
Checking sync_scanner
Checking sync_utils
Checking pc
Checking pc_compilation
Checking pc_port_env
Checking pc_port_specs
Checking pc_prv_clean
Checking pc_prv_compile
Checking pc_util
Checking task1
Checking sync
Checking sync_notify
Checking sync_options
Checking sync_scanner
Checking sync_utils
Checking pc
Checking pc_compilation
Checking pc_port_env
Checking pc_port_specs
Checking pc_prv_clean
Checking pc_prv_compile
Checking pc_util
Checking task1
Checking sync
Checking sync_notify
Checking sync_options
Checking sync_scanner
Checking sync_utils
Checking pc
Checking pc_compilation
Checking pc_port_env
Checking pc_port_specs
Checking pc_prv_clean
Checking pc_prv_compile
Checking pc_util
Checking sync
Checking sync_notify
Checking sync_options
Checking sync_scanner
Checking sync_utils
Checking pc
Checking pc_compilation
Checking pc_port_env
Checking pc_port_specs
Checking pc_prv_clean
Checking pc_prv_compile
Checking pc_util
Checking task1
Checking sync
Checking sync_notify
Checking sync_options
Checking sync_scanner
Checking sync_utils
Checking pc
Checking pc_compilation
Checking pc_port_env
Checking pc_port_specs
Checking pc_prv_clean
Checking pc_prv_compile
Checking pc_util
Checking task1
Checking sync
Checking sync_notify
Checking sync_options
Checking sync_scanner
Checking sync_utils
Checking pc
Checking pc_compilation
Checking pc_port_env
Checking pc_port_specs
Checking pc_prv_clean
Checking pc_prv_compile
Checking pc_util
Checking sync
Checking sync_notify
Checking sync_options
Checking sync_scanner
Checking sync_utils
Checking pc
Checking pc_compilation
Checking pc_port_env
Checking pc_port_specs
Checking pc_prv_clean
Checking pc_prv_compile
Checking pc_util
Checking sync
Checking sync_notify
Checking sync_options
Checking sync_scanner
Checking sync_utils
Checking pc
Checking pc_compilation
Checking pc_port_env
Checking pc_port_specs
Checking pc_prv_clean
Checking pc_prv_compile
Checking pc_util
Checking task1
Checking sync
Checking sync_notify
Checking sync_options
Checking sync_scanner
Checking sync_utils
Checking pc
Checking pc_compilation
Checking pc_port_env
Checking pc_port_specs
Checking pc_prv_clean
Checking pc_prv_compile
Checking pc_util
Checking task1
Checking sync
Checking sync_notify
Checking sync_options
Checking sync_scanner
Checking sync_utils
Checking pc
Checking pc_compilation
Checking pc_port_env
Checking pc_port_specs
Checking pc_prv_clean
Checking pc_prv_compile
Checking pc_util
Checking task1
/home/fcd/Work/FCT/PCLT/Erlang/miniproject-erlang-70056_70666/src/task1/task1.erl
Checking sync
Checking sync_notify
Checking sync_options
Checking sync_scanner
Checking sync_utils
Checking pc
Checking pc_compilation
Checking pc_port_env
Checking pc_port_specs
Checking pc_prv_clean
Checking pc_prv_compile
Checking pc_util
Checking sync
Checking sync_notify
Checking sync_options
Checking sync_scanner
Checking sync_utils
Checking pc
Checking pc_compilation
Checking pc_port_env
Checking pc_port_specs
Checking pc_prv_clean
Checking pc_prv_compile
Checking pc_util
Checking sync
Checking sync_notify
Checking sync_options
Checking sync_scanner
Checking sync_utils
Checking pc
Checking pc_compilation
Checking pc_port_env
Checking pc_port_specs
Checking pc_prv_clean
Checking pc_prv_compile
Checking pc_util
Checking task1
/home/fcd/Work/FCT/PCLT/Erlang/miniproject-erlang-70056_70666/src/task1/task1.erl
/home/fcd/Work/FCT/PCLT/Erlang/miniproject-erlang-70056_70666/src/task1/task1.erl
/home/fcd/Work/FCT/PCLT/Erlang/miniproject-erlang-70056_70666/src/task1/task1.erl
/home/fcd/Work/FCT/PCLT/Erlang/miniproject-erlang-70056_70666/src/task1/task1.erl
/home/fcd/Work/FCT/PCLT/Erlang/miniproject-erlang-70056_70666/src/task1/task1.erl
Checking sync
Checking sync_notify
Checking sync_options
Checking sync_scanner
Checking sync_utils
Checking pc
Checking pc_compilation
Checking pc_port_env
Checking pc_port_specs
Checking pc_prv_clean
Checking pc_prv_compile
Checking pc_util
Checking sync
Checking sync_notify
Checking sync_options
Checking sync_scanner
Checking sync_utils
Checking pc
Checking pc_compilation
Checking pc_port_env
Checking pc_port_specs
Checking pc_prv_clean
Checking pc_prv_compile
Checking pc_util
Checking task1
Checking sync
Checking sync_notify
Checking sync_options
Checking sync_scanner
Checking sync_utils
Checking pc
Checking pc_compilation
Checking pc_port_env
Checking pc_port_specs
Checking pc_prv_clean
Checking pc_prv_compile
Checking pc_util
Checking task1
Checking sync
Checking sync_notify
Checking sync_options
Checking sync_scanner
Checking sync_utils
Checking pc
Checking pc_compilation
Checking pc_port_env
Checking pc_port_specs
Checking pc_prv_clean
Checking pc_prv_compile
Checking pc_util
Checking task1
Checking sync
Checking sync_notify
Checking sync_options
Checking sync_scanner
Checking sync_utils
Checking pc
Checking pc_compilation
Checking pc_port_env
Checking pc_port_specs
Checking pc_prv_clean
Checking pc_prv_compile
Checking pc_util
Checking sync
Checking sync_notify
Checking sync_options
Checking sync_scanner
Checking sync_utils
Checking pc
Checking pc_compilation
Checking pc_port_env
Checking pc_port_specs
Checking pc_prv_clean
Checking pc_prv_compile
Checking pc_util
Checking task1
Checking sync
Checking sync_notify
Checking sync_options
Checking sync_scanner
Checking sync_utils
Checking pc
Checking pc_compilation
Checking pc_port_env
Checking pc_port_specs
Checking pc_prv_clean
Checking pc_prv_compile
Checking pc_util
Checking sync
Checking sync_notify
Checking sync_options
Checking sync_scanner
Checking sync_utils
Checking pc
Checking pc_compilation
Checking pc_port_env
Checking pc_port_specs
Checking pc_prv_clean
Checking pc_prv_compile
Checking pc_util
Checking task1
Checking sync
Checking sync_notify
Checking sync_options
Checking sync_scanner
Checking sync_utils
Checking pc
Checking pc_compilation
Checking pc_port_env
Checking pc_port_specs
Checking pc_prv_clean
Checking pc_prv_compile
Checking pc_util
Checking task1
/home/fcd/Work/FCT/PCLT/Erlang/miniproject-erlang-70056_70666/src/task1/task1.erl
/home/fcd/Work/FCT/PCLT/Erlang/miniproject-erlang-70056_70666/src/task1/task1.erl
/home/fcd/Work/FCT/PCLT/Erlang/miniproject-erlang-70056_70666/src/task1/task1.erl
/home/fcd/Work/FCT/PCLT/Erlang/miniproject-erlang-70056_70666/src/task1/task1.erl
/home/fcd/Work/FCT/PCLT/Erlang/miniproject-erlang-70056_70666/src/task1/task1.erl
/home/fcd/Work/FCT/PCLT/Erlang/miniproject-erlang-70056_70666/src/task1/task1.erl
/home/fcd/Work/FCT/PCLT/Erlang/miniproject-erlang-70056_70666/src/task1/task1.erl
Checking sync
Checking sync_notify
Checking sync_options
Checking sync_scanner
Checking sync_utils
Checking pc
Checking pc_compilation
Checking pc_port_env
Checking pc_port_specs
Checking pc_prv_clean
Checking pc_prv_compile
Checking pc_util
Checking sync
Checking sync_notify
Checking sync_options
Checking sync_scanner
Checking sync_utils
Checking pc
Checking pc_compilation
Checking pc_port_env
Checking pc_port_specs
Checking pc_prv_clean
Checking pc_prv_compile
Checking pc_util
Checking task1
Checking sync
Checking sync_notify
Checking sync_options
Checking sync_scanner
Checking sync_utils
Checking pc
Checking pc_compilation
Checking pc_port_env
Checking pc_port_specs
Checking pc_prv_clean
Checking pc_prv_compile
Checking pc_util
Checking sync
Checking sync_notify
Checking sync_options
Checking sync_scanner
Checking sync_utils
Checking pc
Checking pc_compilation
Checking pc_port_env
Checking pc_port_specs
Checking pc_prv_clean
Checking pc_prv_compile
Checking pc_util
Checking task1
/home/fcd/Work/FCT/PCLT/Erlang/miniproject-erlang-70056_70666/src/task1/task1.erl
Checking sync
Checking sync_notify
Checking sync_options
Checking sync_scanner
Checking sync_utils
Checking pc
Checking pc_compilation
Checking pc_port_env
Checking pc_port_specs
Checking pc_prv_clean
Checking pc_prv_compile
Checking pc_util
Checking sync
Checking sync_notify
Checking sync_options
Checking sync_scanner
Checking sync_utils
Checking pc
Checking pc_compilation
Checking pc_port_env
Checking pc_port_specs
Checking pc_prv_clean
Checking pc_prv_compile
Checking pc_util
Checking sync
Checking sync_notify
Checking sync_options
Checking sync_scanner
Checking sync_utils
Checking pc
Checking pc_compilation
Checking pc_port_env
Checking pc_port_specs
Checking pc_prv_clean
Checking pc_prv_compile
Checking pc_util
Checking task1
Checking sync
Checking sync_notify
Checking sync_options
Checking sync_scanner
Checking sync_utils
Checking pc
Checking pc_compilation
Checking pc_port_env
Checking pc_port_specs
Checking pc_prv_clean
Checking pc_prv_compile
Checking pc_util
Checking task1
/home/fcd/Work/FCT/PCLT/Erlang/miniproject-erlang-70056_70666/src/task1/task1.erl
/home/fcd/Work/FCT/PCLT/Erlang/miniproject-erlang-70056_70666/src/task1/task1.erl
Checking sync
Checking sync_notify
Checking sync_options
Checking sync_scanner
Checking sync_utils
Checking pc
Checking pc_compilation
Checking pc_port_env
Checking pc_port_specs
Checking pc_prv_clean
Checking pc_prv_compile
Checking pc_util
Checking task1
/home/fcd/Work/FCT/PCLT/Erlang/miniproject-erlang-70056_70666/src/task1/task1.erl
/home/fcd/Work/FCT/PCLT/Erlang/miniproject-erlang-70056_70666/src/task1/task1.erl
/home/fcd/Work/FCT/PCLT/Erlang/miniproject-erlang-70056_70666/src/task1/task1.erl
/home/fcd/Work/FCT/PCLT/Erlang/miniproject-erlang-70056_70666/src/task1/task1.erl
/home/fcd/Work/FCT/PCLT/Erlang/miniproject-erlang-70056_70666/src/task1/task1.erl
/home/fcd/Work/FCT/PCLT/Erlang/miniproject-erlang-70056_70666/src/task1/task1.erl
/home/fcd/Work/FCT/PCLT/Erlang/miniproject-erlang-70056_70666/src/task1/task1.erl
Checking sync
Checking sync_notify
Checking sync_options
Checking sync_scanner
Checking sync_utils
Checking pc
Checking pc_compilation
Checking pc_port_env
Checking pc_port_specs
Checking pc_prv_clean
Checking pc_prv_compile
Checking pc_util
Checking sync
Checking sync_notify
Checking sync_options
Checking sync_scanner
Checking sync_utils
Checking pc
Checking pc_compilation
Checking pc_port_env
Checking pc_port_specs
Checking pc_prv_clean
Checking pc_prv_compile
Checking pc_util
Checking task1
Checking sync
Checking sync_notify
Checking sync_options
Checking sync_scanner
Checking sync_utils
Checking pc
Checking pc_compilation
Checking pc_port_env
Checking pc_port_specs
Checking pc_prv_clean
Checking pc_prv_compile
Checking pc_util
Checking task1
/home/fcd/Work/FCT/PCLT/Erlang/miniproject-erlang-70056_70666/src/task1/task1.erl
/home/fcd/Work/FCT/PCLT/Erlang/miniproject-erlang-70056_70666/src/task1/task1.erl
/home/fcd/Work/FCT/PCLT/Erlang/miniproject-erlang-70056_70666/src/task1/task1.erl
/home/fcd/Work/FCT/PCLT/Erlang/miniproject-erlang-70056_70666/src/task1/task1.erl
/home/fcd/Work/FCT/PCLT/Erlang/miniproject-erlang-70056_70666/src/task1/task1.erl
/home/fcd/Work/FCT/PCLT/Erlang/miniproject-erlang-70056_70666/src/task1/task1.erl
/home/fcd/Work/FCT/PCLT/Erlang/miniproject-erlang-70056_70666/src/task1/task1.erl
/home/fcd/Work/FCT/PCLT/Erlang/miniproject-erlang-70056_70666/src/task1/task1.erl
/home/fcd/Work/FCT/PCLT/Erlang/miniproject-erlang-70056_70666/src/task1/task1.erl
Checking sync
Checking sync_notify
Checking sync_options
Checking sync_scanner
Checking sync_utils
Checking pc
Checking pc_compilation
Checking pc_port_env
Checking pc_port_specs
Checking pc_prv_clean
Checking pc_prv_compile
Checking pc_util
Checking task1
Checking sync
Checking sync_notify
Checking sync_options
Checking sync_scanner
Checking sync_utils
Checking pc
Checking pc_compilation
Checking pc_port_env
Checking pc_port_specs
Checking pc_prv_clean
Checking pc_prv_compile
Checking pc_util
Checking task1
Checking sync
Checking sync_notify
Checking sync_options
Checking sync_scanner
Checking sync_utils
Checking pc
Checking pc_compilation
Checking pc_port_env
Checking pc_port_specs
Checking pc_prv_clean
Checking pc_prv_compile
Checking pc_util
Checking task1
Checking sync
Checking sync_notify
Checking sync_options
Checking sync_scanner
Checking sync_utils
Checking pc
Checking pc_compilation
Checking pc_port_env
Checking pc_port_specs
Checking pc_prv_clean
Checking pc_prv_compile
Checking pc_util
Checking task1
/home/fcd/Work/FCT/PCLT/Erlang/miniproject-erlang-70056_70666/src/task1/task1.erl
Checking sync
Checking sync_notify
Checking sync_options
Checking sync_scanner
Checking sync_utils
Checking pc
Checking pc_compilation
Checking pc_port_env
Checking pc_port_specs
Checking pc_prv_clean
Checking pc_prv_compile
Checking pc_util
Checking task1
Checking sync
Checking sync_notify
Checking sync_options
Checking sync_scanner
Checking sync_utils
Checking pc
Checking pc_compilation
Checking pc_port_env
Checking pc_port_specs
Checking pc_prv_clean
Checking pc_prv_compile
Checking pc_util
Checking task1
Checking sync
Checking sync_notify
Checking sync_options
Checking sync_scanner
Checking sync_utils
Checking pc
Checking pc_compilation
Checking pc_port_env
Checking pc_port_specs
Checking pc_prv_clean
Checking pc_prv_compile
Checking pc_util
Checking task1
Checking sync
Checking sync_notify
Checking sync_options
Checking sync_scanner
Checking sync_utils
Checking pc
Checking pc_compilation
Checking pc_port_env
Checking pc_port_specs
Checking pc_prv_clean
Checking pc_prv_compile
Checking pc_util
Checking task1
/Users/filipecolladavid/FCT_NOVA/PCLT/Erlang/miniproject-erlang-70056_70666/src/task1/task1.erl
Checking sync
Checking sync_notify
Checking sync_options
Checking sync_scanner
Checking sync_utils
Checking pc
Checking pc_compilation
Checking pc_port_env
Checking pc_port_specs
Checking pc_prv_clean
Checking pc_prv_compile
Checking pc_util
Checking task1
Checking sync
Checking sync_notify
Checking sync_options
Checking sync_scanner
Checking sync_utils
Checking pc
Checking pc_compilation
Checking pc_port_env
Checking pc_port_specs
Checking pc_prv_clean
Checking pc_prv_compile
Checking pc_util
Checking task2
Checking sync
Checking sync_notify
Checking sync_options
Checking sync_scanner
Checking sync_utils
Checking pc
Checking pc_compilation
Checking pc_port_env
Checking pc_port_specs
Checking pc_prv_clean
Checking pc_prv_compile
Checking pc_util
Checking sync
Checking sync_notify
Checking sync_options
Checking sync_scanner
Checking sync_utils
Checking pc
Checking pc_compilation
Checking pc_port_env
Checking pc_port_specs
Checking pc_prv_clean
Checking pc_prv_compile
Checking pc_util
Checking task2
Checking sync
Checking sync_notify
Checking sync_options
Checking sync_scanner
Checking sync_utils
Checking pc
Checking pc_compilation
Checking pc_port_env
Checking pc_port_specs
Checking pc_prv_clean
Checking pc_prv_compile
Checking pc_util
Checking task3
Checking sync
Checking sync_notify
Checking sync_options
Checking sync_scanner
Checking sync_utils
Checking pc
Checking pc_compilation
Checking pc_port_env
Checking pc_port_specs
Checking pc_prv_clean
Checking pc_prv_compile
Checking pc_util
Checking task3
/Users/filipecolladavid/FCT_NOVA/PCLT/Erlang/miniproject-erlang-70056_70666/src/task3/task3.erl
Checking sync
Checking sync_notify
Checking sync_options
Checking sync_scanner
Checking sync_utils
Checking pc
Checking pc_compilation
Checking pc_port_env
Checking pc_port_specs
Checking pc_prv_clean
Checking pc_prv_compile
Checking pc_util
Checking task3
/Users/filipecolladavid/FCT_NOVA/PCLT/Erlang/miniproject-erlang-70056_70666/src/task3/task3.erl
/Users/filipecolladavid/FCT_NOVA/PCLT/Erlang/miniproject-erlang-70056_70666/src/task3/task3.erl
/Users/filipecolladavid/FCT_NOVA/PCLT/Erlang/miniproject-erlang-70056_70666/src/task3/task3.erl
Checking sync
Checking sync_notify
Checking sync_options
Checking sync_scanner
Checking sync_utils
Checking pc
Checking pc_compilation
Checking pc_port_env
Checking pc_port_specs
Checking pc_prv_clean
Checking pc_prv_compile
Checking pc_util
Checking task3
/Users/filipecolladavid/FCT_NOVA/PCLT/Erlang/miniproject-erlang-70056_70666/src/task3/task3.erl
Checking sync
Checking sync_notify
Checking sync_options
Checking sync_scanner
Checking sync_utils
Checking pc
Checking pc_compilation
Checking pc_port_env
Checking pc_port_specs
Checking pc_prv_clean
Checking pc_prv_compile
Checking pc_util
Checking task3
/Users/filipecolladavid/FCT_NOVA/PCLT/Erlang/miniproject-erlang-70056_70666/src/task3/task3.erl
/Users/filipecolladavid/FCT_NOVA/PCLT/Erlang/miniproject-erlang-70056_70666/src/task3/task3.erl
/Users/filipecolladavid/FCT_NOVA/PCLT/Erlang/miniproject-erlang-70056_70666/src/task3/task3.erl
/Users/filipecolladavid/FCT_NOVA/PCLT/Erlang/miniproject-erlang-70056_70666/src/task3/task3.erl
/Users/filipecolladavid/FCT_NOVA/PCLT/Erlang/miniproject-erlang-70056_70666/src/task3/task3.erl
/Users/filipecolladavid/FCT_NOVA/PCLT/Erlang/miniproject-erlang-70056_70666/src/task3/task3.erl
Checking sync
Checking sync_notify
Checking sync_options
Checking sync_scanner
Checking sync_utils
Checking pc
Checking pc_compilation
Checking pc_port_env
Checking pc_port_specs
Checking pc_prv_clean
Checking pc_prv_compile
Checking pc_util
Checking task3
Checking sync
Checking sync_notify
Checking sync_options
Checking sync_scanner
Checking sync_utils
Checking pc
Checking pc_compilation
Checking pc_port_env
Checking pc_port_specs
Checking pc_prv_clean
Checking pc_prv_compile
Checking pc_util
Checking task3
Checking sync
Checking sync_notify
Checking sync_options
Checking sync_scanner
Checking sync_utils
Checking pc
Checking pc_compilation
Checking pc_port_env
Checking pc_port_specs
Checking pc_prv_clean
Checking pc_prv_compile
Checking pc_util
Checking task3
